loaded chat ids BotState(contacted_chat_ids=[717296678, 131353834, -1001863094154])
{131353834, -1001863094154, 717296678}
Contacted chat ids are: {131353834, -1001863094154, 717296678}
Cacncelling pending messages
Contacted chat ids are: {131353834, -1001863094154, 717296678}
Cacncelling pending messages
Contacted chat ids are: {131353834, -1001863094154, 717296678}
Cacncelling pending messages
Contacted chat ids are: {131353834, -1001863094154, 717296678}
Cacncelling pending messages
Contacted chat ids are: {131353834, -1001863094154, 717296678}
Cacncelling pending messages
Contacted chat ids are: {131353834, -1001863094154, 717296678}
Cacncelling pending messages
Contacted chat ids are: {131353834, -1001863094154, 717296678}
Cacncelling pending messages
Contacted chat ids are: {131353834, -1001863094154, 717296678}
Cacncelling pending messages
Contacted chat ids are: {131353834, -1001863094154, 717296678}
Cacncelling pending messages
Contacted chat ids are: {131353834, -1001863094154, 717296678}
Cacncelling pending messages
Sending rate
prev
{}
new
{'AED': 10892}
True
Saving bot_state
Contacted chat ids are: {717296678, 131353834, -1001863094154}
Cacncelling pending messages
Contacted chat ids are: {717296678, 131353834, -1001863094154}
Cacncelling pending messages
Contacted chat ids are: {717296678, 131353834, -1001863094154}
Cacncelling pending messages
Contacted chat ids are: {717296678, 131353834, -1001863094154}
Cacncelling pending messages
Contacted chat ids are: {717296678, 131353834, -1001863094154}
Cacncelling pending messages
Contacted chat ids are: {717296678, 131353834, -1001863094154}
Cacncelling pending messages
Contacted chat ids are: {717296678, 131353834, -1001863094154}
Cacncelling pending messages
Contacted chat ids are: {717296678, 131353834, -1001863094154}
Cacncelling pending messages
Contacted chat ids are: {717296678, 131353834, -1001863094154}
Cacncelling pending messages
Contacted chat ids are: {717296678, 131353834, -1001863094154}
Cacncelling pending messages
Contacted chat ids are: {717296678, 131353834, -1001863094154}
Cacncelling pending messages
Contacted chat ids are: {717296678, 131353834, -1001863094154}
Cacncelling pending messages
Contacted chat ids are: {717296678, 131353834, -1001863094154}
Cacncelling pending messages
Contacted chat ids are: {717296678, 131353834, -1001863094154}
Cacncelling pending messages
Contacted chat ids are: {717296678, 131353834, -1001863094154}
Cacncelling pending messages
Contacted chat ids are: {717296678, 131353834, -1001863094154}
Cacncelling pending messages
Contacted chat ids are: {717296678, 131353834, -1001863094154}
Cacncelling pending messages
Contacted chat ids are: {717296678, 131353834, -1001863094154}
Cacncelling pending messages
Contacted chat ids are: {717296678, 131353834, -1001863094154}
Cacncelling pending messages
Contacted chat ids are: {717296678, 131353834, -1001863094154}
Cacncelling pending messages
Contacted chat ids are: {717296678, 131353834, -1001863094154}
Cacncelling pending messages
Contacted chat ids are: {717296678, 131353834, -1001863094154}
Cacncelling pending messages
Contacted chat ids are: {717296678, 131353834, -1001863094154}
Cacncelling pending messages
Contacted chat ids are: {717296678, 131353834, -1001863094154}
Cacncelling pending messages
Contacted chat ids are: {717296678, 131353834, -1001863094154}
Cacncelling pending messages
Contacted chat ids are: {717296678, 131353834, -1001863094154}
Cacncelling pending messages
Contacted chat ids are: {717296678, 131353834, -1001863094154}
Cacncelling pending messages
Contacted chat ids are: {717296678, 131353834, -1001863094154}
Cacncelling pending messages
Contacted chat ids are: {717296678, 131353834, -1001863094154}
Cacncelling pending messages
Contacted chat ids are: {717296678, 131353834, -1001863094154}
Cacncelling pending messages
Contacted chat ids are: {717296678, 131353834, -1001863094154}
Cacncelling pending messages
Contacted chat ids are: {717296678, 131353834, -1001863094154}
Cacncelling pending messages
Contacted chat ids are: {717296678, 131353834, -1001863094154}
Cacncelling pending messages
Contacted chat ids are: {717296678, 131353834, -1001863094154}
Cacncelling pending messages
Contacted chat ids are: {717296678, 131353834, -1001863094154}
Cacncelling pending messages
Contacted chat ids are: {717296678, 131353834, -1001863094154}
Cacncelling pending messages
Contacted chat ids are: {717296678, 131353834, -1001863094154}
Cacncelling pending messages
Contacted chat ids are: {717296678, 131353834, -1001863094154}
Cacncelling pending messages
Contacted chat ids are: {717296678, 131353834, -1001863094154}
Cacncelling pending messages
Contacted chat ids are: {717296678, 131353834, -1001863094154}
Cacncelling pending messages
Contacted chat ids are: {717296678, 131353834, -1001863094154}
Cacncelling pending messages
Contacted chat ids are: {717296678, 131353834, -1001863094154}
Cacncelling pending messages
Contacted chat ids are: {717296678, 131353834, -1001863094154}
Cacncelling pending messages
Contacted chat ids are: {717296678, 131353834, -1001863094154}
Cacncelling pending messages
Contacted chat ids are: {717296678, 131353834, -1001863094154}
Cacncelling pending messages
Contacted chat ids are: {717296678, 131353834, -1001863094154}
Cacncelling pending messages
Contacted chat ids are: {717296678, 131353834, -1001863094154}
Cacncelling pending messages
Contacted chat ids are: {717296678, 131353834, -1001863094154}
Cacncelling pending messages
Contacted chat ids are: {717296678, 131353834, -1001863094154}
Cacncelling pending messages
Contacted chat ids are: {717296678, 131353834, -1001863094154}
Cacncelling pending messages
Contacted chat ids are: {717296678, 131353834, -1001863094154}
Cacncelling pending messages
Contacted chat ids are: {717296678, 131353834, -1001863094154}
Cacncelling pending messages
Contacted chat ids are: {717296678, 131353834, -1001863094154}
Cacncelling pending messages
Contacted chat ids are: {717296678, 131353834, -1001863094154}
Cacncelling pending messages
Contacted chat ids are: {717296678, 131353834, -1001863094154}
Cacncelling pending messages
Contacted chat ids are: {717296678, 131353834, -1001863094154}
Cacncelling pending messages
Contacted chat ids are: {717296678, 131353834, -1001863094154}
Cacncelling pending messages
Contacted chat ids are: {717296678, 131353834, -1001863094154}
Cacncelling pending messages
Contacted chat ids are: {717296678, 131353834, -1001863094154}
Cacncelling pending messages
Contacted chat ids are: {717296678, 131353834, -1001863094154}
Cacncelling pending messages
Contacted chat ids are: {717296678, 131353834, -1001863094154}
Cacncelling pending messages
Contacted chat ids are: {717296678, 131353834, -1001863094154}
Cacncelling pending messages
Contacted chat ids are: {717296678, 131353834, -1001863094154}
Cacncelling pending messages
Contacted chat ids are: {717296678, 131353834, -1001863094154}
Cacncelling pending messages
Contacted chat ids are: {717296678, 131353834, -1001863094154}
Cacncelling pending messages
Contacted chat ids are: {717296678, 131353834, -1001863094154}
Cacncelling pending messages
Contacted chat ids are: {717296678, 131353834, -1001863094154}
Cacncelling pending messages
Contacted chat ids are: {717296678, 131353834, -1001863094154}
Cacncelling pending messages
Contacted chat ids are: {717296678, 131353834, -1001863094154}
Cacncelling pending messages
Contacted chat ids are: {717296678, 131353834, -1001863094154}
Cacncelling pending messages
Contacted chat ids are: {717296678, 131353834, -1001863094154}
Cacncelling pending messages
Contacted chat ids are: {717296678, 131353834, -1001863094154}
Cacncelling pending messages
Contacted chat ids are: {717296678, 131353834, -1001863094154}
Cacncelling pending messages
Contacted chat ids are: {717296678, 131353834, -1001863094154}
Cacncelling pending messages
Contacted chat ids are: {717296678, 131353834, -1001863094154}
Cacncelling pending messages
Contacted chat ids are: {717296678, 131353834, -1001863094154}
Cacncelling pending messages
Contacted chat ids are: {717296678, 131353834, -1001863094154}
Cacncelling pending messages
Contacted chat ids are: {717296678, 131353834, -1001863094154}
Cacncelling pending messages
Contacted chat ids are: {717296678, 131353834, -1001863094154}
Cacncelling pending messages
Contacted chat ids are: {717296678, 131353834, -1001863094154}
Cacncelling pending messages
Contacted chat ids are: {717296678, 131353834, -1001863094154}
Cacncelling pending messages
Contacted chat ids are: {717296678, 131353834, -1001863094154}
Cacncelling pending messages
Contacted chat ids are: {717296678, 131353834, -1001863094154}
Cacncelling pending messages
Contacted chat ids are: {717296678, 131353834, -1001863094154}
Cacncelling pending messages
Contacted chat ids are: {717296678, 131353834, -1001863094154}
Cacncelling pending messages
Contacted chat ids are: {717296678, 131353834, -1001863094154}
Cacncelling pending messages
Contacted chat ids are: {717296678, 131353834, -1001863094154}
Cacncelling pending messages
Contacted chat ids are: {717296678, 131353834, -1001863094154}
Cacncelling pending messages
Contacted chat ids are: {717296678, 131353834, -1001863094154}
Cacncelling pending messages
Contacted chat ids are: {717296678, 131353834, -1001863094154}
Cacncelling pending messages
Contacted chat ids are: {717296678, 131353834, -1001863094154}
Cacncelling pending messages
Contacted chat ids are: {717296678, 131353834, -1001863094154}
Cacncelling pending messages
Contacted chat ids are: {717296678, 131353834, -1001863094154}
Cacncelling pending messages
Contacted chat ids are: {717296678, 131353834, -1001863094154}
Cacncelling pending messages
Contacted chat ids are: {717296678, 131353834, -1001863094154}
Cacncelling pending messages
Contacted chat ids are: {717296678, 131353834, -1001863094154}
Cacncelling pending messages
Contacted chat ids are: {717296678, 131353834, -1001863094154}
Cacncelling pending messages
Contacted chat ids are: {717296678, 131353834, -1001863094154}
Cacncelling pending messages
Contacted chat ids are: {717296678, 131353834, -1001863094154}
Cacncelling pending messages
Contacted chat ids are: {717296678, 131353834, -1001863094154}
Cacncelling pending messages
Contacted chat ids are: {717296678, 131353834, -1001863094154}
Cacncelling pending messages
Contacted chat ids are: {717296678, 131353834, -1001863094154}
Cacncelling pending messages
Contacted chat ids are: {717296678, 131353834, -1001863094154}
Cacncelling pending messages
Contacted chat ids are: {717296678, 131353834, -1001863094154}
Cacncelling pending messages
Contacted chat ids are: {717296678, 131353834, -1001863094154}
Cacncelling pending messages
Contacted chat ids are: {717296678, 131353834, -1001863094154}
Cacncelling pending messages
Contacted chat ids are: {717296678, 131353834, -1001863094154}
Cacncelling pending messages
Contacted chat ids are: {717296678, 131353834, -1001863094154}
Cacncelling pending messages
Contacted chat ids are: {717296678, 131353834, -1001863094154}
Cacncelling pending messages
Contacted chat ids are: {717296678, 131353834, -1001863094154}
Cacncelling pending messages
Contacted chat ids are: {717296678, 131353834, -1001863094154}
Cacncelling pending messages
Contacted chat ids are: {717296678, 131353834, -1001863094154}
Cacncelling pending messages
Contacted chat ids are: {717296678, 131353834, -1001863094154}
Cacncelling pending messages
Contacted chat ids are: {717296678, 131353834, -1001863094154}
Cacncelling pending messages
Contacted chat ids are: {717296678, 131353834, -1001863094154}
Cacncelling pending messages
Contacted chat ids are: {717296678, 131353834, -1001863094154}
BotModel(disabled=False, onTime=True, onChange=False, interval=BotInterval(unit='Min', value=2))
Interval Changed, Resecheduling
Cacncelling pending messages
Scheduling messages
All Jobs
[Every 2 minutes do bot_send_rates() (last run: [never], next run: 2023-03-27 08:45:39)]
Contacted chat ids are: {717296678, 131353834, -1001863094154}
BotModel(disabled=False, onTime=True, onChange=False, interval=BotInterval(unit='Min', value=1))
Interval Changed, Resecheduling
Cacncelling pending messages
Scheduling messages
All Jobs
[Every 1 minute do bot_send_rates() (last run: [never], next run: 2023-03-27 08:44:44)]
Contacted chat ids are: {717296678, 131353834, -1001863094154}
BotModel(disabled=False, onTime=True, onChange=False, interval=BotInterval(unit='Min', value=1))
Contacted chat ids are: {717296678, 131353834, -1001863094154}
BotModel(disabled=False, onTime=True, onChange=False, interval=BotInterval(unit='Min', value=1))
Contacted chat ids are: {717296678, 131353834, -1001863094154}
BotModel(disabled=False, onTime=True, onChange=False, interval=BotInterval(unit='Min', value=1))
Contacted chat ids are: {717296678, 131353834, -1001863094154}
BotModel(disabled=False, onTime=True, onChange=False, interval=BotInterval(unit='Min', value=1))
Contacted chat ids are: {717296678, 131353834, -1001863094154}
BotModel(disabled=False, onTime=True, onChange=False, interval=BotInterval(unit='Min', value=1))
Contacted chat ids are: {717296678, 131353834, -1001863094154}
BotModel(disabled=False, onTime=True, onChange=False, interval=BotInterval(unit='Min', value=1))
Contacted chat ids are: {717296678, 131353834, -1001863094154}
BotModel(disabled=False, onTime=True, onChange=False, interval=BotInterval(unit='Min', value=1))
Contacted chat ids are: {717296678, 131353834, -1001863094154}
BotModel(disabled=False, onTime=True, onChange=False, interval=BotInterval(unit='Min', value=1))
Contacted chat ids are: {717296678, 131353834, -1001863094154}
BotModel(disabled=False, onTime=True, onChange=False, interval=BotInterval(unit='Min', value=1))
Contacted chat ids are: {717296678, 131353834, -1001863094154}
BotModel(disabled=False, onTime=True, onChange=False, interval=BotInterval(unit='Min', value=1))
Contacted chat ids are: {717296678, 131353834, -1001863094154}
BotModel(disabled=False, onTime=True, onChange=False, interval=BotInterval(unit='Min', value=1))
Sending rate
prev
{'AED': 10892}
new
{'یورو ترکیه': 55116, 'لیر ترکیه': 2682, 'دلار ترکیه': 51200}
True
Saving bot_state
Contacted chat ids are: {131353834, -1001863094154, 717296678}
BotModel(disabled=False, onTime=True, onChange=False, interval=BotInterval(unit='Min', value=1))
Contacted chat ids are: {131353834, -1001863094154, 717296678}
BotModel(disabled=False, onTime=True, onChange=False, interval=BotInterval(unit='Min', value=1))
Contacted chat ids are: {131353834, -1001863094154, 717296678}
BotModel(disabled=False, onTime=True, onChange=False, interval=BotInterval(unit='Min', value=1))
Contacted chat ids are: {131353834, -1001863094154, 717296678}
BotModel(disabled=False, onTime=True, onChange=False, interval=BotInterval(unit='Min', value=1))
Contacted chat ids are: {131353834, -1001863094154, 717296678}
BotModel(disabled=False, onTime=True, onChange=False, interval=BotInterval(unit='Min', value=1))
Contacted chat ids are: {131353834, -1001863094154, 717296678}
BotModel(disabled=False, onTime=True, onChange=False, interval=BotInterval(unit='Min', value=1))
Contacted chat ids are: {131353834, -1001863094154, 717296678}
BotModel(disabled=False, onTime=True, onChange=False, interval=BotInterval(unit='Min', value=1))
Contacted chat ids are: {131353834, -1001863094154, 717296678}
BotModel(disabled=False, onTime=True, onChange=False, interval=BotInterval(unit='Min', value=1))
Contacted chat ids are: {131353834, -1001863094154, 717296678}
BotModel(disabled=False, onTime=True, onChange=False, interval=BotInterval(unit='Min', value=1))
Contacted chat ids are: {131353834, -1001863094154, 717296678}
BotModel(disabled=False, onTime=True, onChange=False, interval=BotInterval(unit='Min', value=1))
Contacted chat ids are: {131353834, -1001863094154, 717296678}
BotModel(disabled=False, onTime=True, onChange=False, interval=BotInterval(unit='Min', value=1))
Contacted chat ids are: {131353834, -1001863094154, 717296678}
BotModel(disabled=False, onTime=True, onChange=False, interval=BotInterval(unit='Min', value=1))
Sending rate
prev
{'یورو ترکیه': 55116, 'لیر ترکیه': 2682, 'دلار ترکیه': 51200}
new
{'یورو ترکیه': 55111, 'لیر ترکیه': 2682, 'دلار ترکیه': 51200}
True
Saving bot_state
Contacted chat ids are: {717296678, 131353834, -1001863094154}
BotModel(disabled=False, onTime=True, onChange=False, interval=BotInterval(unit='Min', value=1))
Contacted chat ids are: {717296678, 131353834, -1001863094154}
BotModel(disabled=False, onTime=True, onChange=False, interval=BotInterval(unit='Min', value=1))
Contacted chat ids are: {717296678, 131353834, -1001863094154}
BotModel(disabled=False, onTime=True, onChange=False, interval=BotInterval(unit='Min', value=1))
Contacted chat ids are: {717296678, 131353834, -1001863094154}
BotModel(disabled=False, onTime=True, onChange=False, interval=BotInterval(unit='Min', value=1))
Contacted chat ids are: {717296678, 131353834, -1001863094154}
BotModel(disabled=False, onTime=True, onChange=False, interval=BotInterval(unit='Min', value=1))
Contacted chat ids are: {717296678, 131353834, -1001863094154}
BotModel(disabled=False, onTime=True, onChange=False, interval=BotInterval(unit='Min', value=1))
Contacted chat ids are: {717296678, 131353834, -1001863094154}
BotModel(disabled=False, onTime=True, onChange=False, interval=BotInterval(unit='Min', value=1))
Contacted chat ids are: {717296678, 131353834, -1001863094154}
BotModel(disabled=False, onTime=True, onChange=False, interval=BotInterval(unit='Min', value=1))
Contacted chat ids are: {717296678, 131353834, -1001863094154}
BotModel(disabled=False, onTime=True, onChange=False, interval=BotInterval(unit='Min', value=1))
Contacted chat ids are: {717296678, 131353834, -1001863094154}
BotModel(disabled=False, onTime=True, onChange=False, interval=BotInterval(unit='Min', value=1))
Contacted chat ids are: {717296678, 131353834, -1001863094154}
BotModel(disabled=False, onTime=True, onChange=False, interval=BotInterval(unit='Min', value=1))
Contacted chat ids are: {717296678, 131353834, -1001863094154}
BotModel(disabled=False, onTime=True, onChange=False, interval=BotInterval(unit='Min', value=1))
Sending rate
prev
{'یورو ترکیه': 55111, 'لیر ترکیه': 2682, 'دلار ترکیه': 51200}
new
{'یورو ترکیه': 55132, 'لیر ترکیه': 2682, 'دلار ترکیه': 51200}
True
Saving bot_state
Contacted chat ids are: {131353834, -1001863094154, 717296678}
BotModel(disabled=False, onTime=True, onChange=False, interval=BotInterval(unit='Min', value=1))
Contacted chat ids are: {131353834, -1001863094154, 717296678}
BotModel(disabled=False, onTime=True, onChange=False, interval=BotInterval(unit='Min', value=1))
Contacted chat ids are: {131353834, -1001863094154, 717296678}
BotModel(disabled=False, onTime=True, onChange=False, interval=BotInterval(unit='Min', value=1))
Contacted chat ids are: {131353834, -1001863094154, 717296678}
BotModel(disabled=False, onTime=True, onChange=False, interval=BotInterval(unit='Min', value=1))
Contacted chat ids are: {131353834, -1001863094154, 717296678}
BotModel(disabled=False, onTime=True, onChange=False, interval=BotInterval(unit='Min', value=1))
Contacted chat ids are: {131353834, -1001863094154, 717296678}
BotModel(disabled=False, onTime=True, onChange=False, interval=BotInterval(unit='Min', value=1))
Contacted chat ids are: {131353834, -1001863094154, 717296678}
BotModel(disabled=False, onTime=True, onChange=False, interval=BotInterval(unit='Min', value=1))
Contacted chat ids are: {131353834, -1001863094154, 717296678}
BotModel(disabled=False, onTime=True, onChange=False, interval=BotInterval(unit='Min', value=1))
Contacted chat ids are: {131353834, -1001863094154, 717296678}
BotModel(disabled=False, onTime=True, onChange=False, interval=BotInterval(unit='Min', value=1))
Contacted chat ids are: {131353834, -1001863094154, 717296678}
BotModel(disabled=False, onTime=True, onChange=False, interval=BotInterval(unit='Min', value=1))
Contacted chat ids are: {131353834, -1001863094154, 717296678}
BotModel(disabled=False, onTime=True, onChange=False, interval=BotInterval(unit='Min', value=1))
Contacted chat ids are: {131353834, -1001863094154, 717296678}
BotModel(disabled=False, onTime=True, onChange=False, interval=BotInterval(unit='Min', value=1))
Sending rate
prev
{'یورو ترکیه': 55132, 'لیر ترکیه': 2682, 'دلار ترکیه': 51200}
new
{'یورو ترکیه': 55132, 'لیر ترکیه': 2682, 'دلار ترکیه': 51200}
False
Saving bot_state
Contacted chat ids are: {717296678, 131353834, -1001863094154}
BotModel(disabled=False, onTime=True, onChange=False, interval=BotInterval(unit='Min', value=1))
Contacted chat ids are: {717296678, 131353834, -1001863094154}
BotModel(disabled=False, onTime=True, onChange=False, interval=BotInterval(unit='Min', value=1))
Contacted chat ids are: {717296678, 131353834, -1001863094154}
BotModel(disabled=False, onTime=True, onChange=False, interval=BotInterval(unit='Min', value=1))
Contacted chat ids are: {717296678, 131353834, -1001863094154}
BotModel(disabled=False, onTime=True, onChange=False, interval=BotInterval(unit='Min', value=1))
Contacted chat ids are: {717296678, 131353834, -1001863094154}
BotModel(disabled=False, onTime=True, onChange=False, interval=BotInterval(unit='Min', value=1))
Contacted chat ids are: {717296678, 131353834, -1001863094154}
BotModel(disabled=False, onTime=True, onChange=False, interval=BotInterval(unit='Min', value=1))
Contacted chat ids are: {717296678, 131353834, -1001863094154}
BotModel(disabled=False, onTime=True, onChange=False, interval=BotInterval(unit='Min', value=1))
Contacted chat ids are: {717296678, 131353834, -1001863094154}
BotModel(disabled=False, onTime=True, onChange=False, interval=BotInterval(unit='Min', value=1))
Contacted chat ids are: {717296678, 131353834, -1001863094154}
BotModel(disabled=False, onTime=True, onChange=False, interval=BotInterval(unit='Min', value=1))
Contacted chat ids are: {717296678, 131353834, -1001863094154}
BotModel(disabled=False, onTime=True, onChange=False, interval=BotInterval(unit='Min', value=1))
Contacted chat ids are: {717296678, 131353834, -1001863094154}
BotModel(disabled=False, onTime=True, onChange=False, interval=BotInterval(unit='Min', value=1))
Contacted chat ids are: {717296678, 131353834, -1001863094154}
BotModel(disabled=False, onTime=True, onChange=False, interval=BotInterval(unit='Min', value=1))
Sending rate
prev
{'یورو ترکیه': 55132, 'لیر ترکیه': 2682, 'دلار ترکیه': 51200}
new
{'یورو ترکیه': 55127, 'لیر ترکیه': 2682, 'دلار ترکیه': 51200}
True
Saving bot_state
Contacted chat ids are: {131353834, -1001863094154, 717296678}
BotModel(disabled=False, onTime=True, onChange=False, interval=BotInterval(unit='Min', value=1))
Contacted chat ids are: {131353834, -1001863094154, 717296678}
BotModel(disabled=False, onTime=True, onChange=False, interval=BotInterval(unit='Min', value=1))
Contacted chat ids are: {131353834, -1001863094154, 717296678}
BotModel(disabled=False, onTime=True, onChange=False, interval=BotInterval(unit='Min', value=1))
Contacted chat ids are: {131353834, -1001863094154, 717296678}
BotModel(disabled=False, onTime=True, onChange=False, interval=BotInterval(unit='Min', value=1))
Contacted chat ids are: {131353834, -1001863094154, 717296678}
BotModel(disabled=False, onTime=True, onChange=False, interval=BotInterval(unit='Min', value=1))
Contacted chat ids are: {131353834, -1001863094154, 717296678}
BotModel(disabled=False, onTime=True, onChange=False, interval=BotInterval(unit='Min', value=1))
Contacted chat ids are: {131353834, -1001863094154, 717296678}
BotModel(disabled=False, onTime=True, onChange=False, interval=BotInterval(unit='Min', value=1))
Contacted chat ids are: {131353834, -1001863094154, 717296678}
BotModel(disabled=False, onTime=True, onChange=False, interval=BotInterval(unit='Min', value=1))
Contacted chat ids are: {131353834, -1001863094154, 717296678}
BotModel(disabled=False, onTime=True, onChange=False, interval=BotInterval(unit='Min', value=1))
Contacted chat ids are: {131353834, -1001863094154, 717296678}
BotModel(disabled=False, onTime=True, onChange=False, interval=BotInterval(unit='Min', value=1))
Contacted chat ids are: {131353834, -1001863094154, 717296678}
BotModel(disabled=False, onTime=True, onChange=False, interval=BotInterval(unit='Min', value=1))
Contacted chat ids are: {131353834, -1001863094154, 717296678}
BotModel(disabled=False, onTime=True, onChange=False, interval=BotInterval(unit='Min', value=1))
Sending rate
prev
{'یورو ترکیه': 55127, 'لیر ترکیه': 2682, 'دلار ترکیه': 51200}
new
{'یورو ترکیه': 55132, 'لیر ترکیه': 2682, 'دلار ترکیه': 51200}
True
Saving bot_state
Contacted chat ids are: {717296678, 131353834, -1001863094154}
BotModel(disabled=False, onTime=True, onChange=False, interval=BotInterval(unit='Min', value=1))
Contacted chat ids are: {717296678, 131353834, -1001863094154}
BotModel(disabled=False, onTime=True, onChange=False, interval=BotInterval(unit='Min', value=1))
Contacted chat ids are: {717296678, 131353834, -1001863094154}
BotModel(disabled=False, onTime=True, onChange=False, interval=BotInterval(unit='Min', value=1))
Contacted chat ids are: {717296678, 131353834, -1001863094154}
BotModel(disabled=False, onTime=True, onChange=False, interval=BotInterval(unit='Min', value=1))
Contacted chat ids are: {717296678, 131353834, -1001863094154}
BotModel(disabled=False, onTime=True, onChange=False, interval=BotInterval(unit='Min', value=1))
Contacted chat ids are: {717296678, 131353834, -1001863094154}
BotModel(disabled=False, onTime=True, onChange=False, interval=BotInterval(unit='Min', value=1))
Contacted chat ids are: {717296678, 131353834, -1001863094154}
BotModel(disabled=False, onTime=True, onChange=False, interval=BotInterval(unit='Min', value=1))
Contacted chat ids are: {717296678, 131353834, -1001863094154}
BotModel(disabled=False, onTime=True, onChange=False, interval=BotInterval(unit='Min', value=1))
Contacted chat ids are: {717296678, 131353834, -1001863094154}
BotModel(disabled=False, onTime=True, onChange=False, interval=BotInterval(unit='Min', value=1))
Contacted chat ids are: {717296678, 131353834, -1001863094154}
BotModel(disabled=False, onTime=True, onChange=False, interval=BotInterval(unit='Min', value=1))
Contacted chat ids are: {717296678, 131353834, -1001863094154}
BotModel(disabled=False, onTime=True, onChange=False, interval=BotInterval(unit='Min', value=1))
Contacted chat ids are: {717296678, 131353834, -1001863094154}
BotModel(disabled=False, onTime=True, onChange=False, interval=BotInterval(unit='Min', value=1))
Sending rate
prev
{'یورو ترکیه': 55132, 'لیر ترکیه': 2682, 'دلار ترکیه': 51200}
new
{'یورو ترکیه': 55127, 'لیر ترکیه': 2682, 'دلار ترکیه': 51200}
True
Saving bot_state
Contacted chat ids are: {131353834, -1001863094154, 717296678}
BotModel(disabled=False, onTime=True, onChange=False, interval=BotInterval(unit='Min', value=1))
Contacted chat ids are: {131353834, -1001863094154, 717296678}
BotModel(disabled=False, onTime=True, onChange=False, interval=BotInterval(unit='Min', value=1))
Contacted chat ids are: {131353834, -1001863094154, 717296678}
BotModel(disabled=False, onTime=True, onChange=False, interval=BotInterval(unit='Min', value=1))
Contacted chat ids are: {131353834, -1001863094154, 717296678}
BotModel(disabled=False, onTime=True, onChange=False, interval=BotInterval(unit='Min', value=1))
Contacted chat ids are: {131353834, -1001863094154, 717296678}
BotModel(disabled=False, onTime=True, onChange=False, interval=BotInterval(unit='Min', value=1))
Contacted chat ids are: {131353834, -1001863094154, 717296678}
BotModel(disabled=False, onTime=True, onChange=False, interval=BotInterval(unit='Min', value=1))
Contacted chat ids are: {131353834, -1001863094154, 717296678}
BotModel(disabled=False, onTime=True, onChange=False, interval=BotInterval(unit='Min', value=1))
Contacted chat ids are: {131353834, -1001863094154, 717296678}
BotModel(disabled=False, onTime=True, onChange=False, interval=BotInterval(unit='Min', value=1))
Contacted chat ids are: {131353834, -1001863094154, 717296678}
BotModel(disabled=False, onTime=True, onChange=False, interval=BotInterval(unit='Min', value=1))
Contacted chat ids are: {131353834, -1001863094154, 717296678}
BotModel(disabled=False, onTime=True, onChange=False, interval=BotInterval(unit='Min', value=1))
Contacted chat ids are: {131353834, -1001863094154, 717296678}
BotModel(disabled=False, onTime=True, onChange=False, interval=BotInterval(unit='Min', value=1))
Contacted chat ids are: {131353834, -1001863094154, 717296678}
BotModel(disabled=False, onTime=True, onChange=False, interval=BotInterval(unit='Min', value=1))
Sending rate
prev
{'یورو ترکیه': 55127, 'لیر ترکیه': 2682, 'دلار ترکیه': 51200}
new
{'یورو ترکیه': 56090, 'لیر ترکیه': 2730, 'دلار ترکیه': 52100}
True
Saving bot_state
Contacted chat ids are: {717296678, 131353834, -1001863094154}
BotModel(disabled=False, onTime=True, onChange=False, interval=BotInterval(unit='Min', value=1))
Contacted chat ids are: {717296678, 131353834, -1001863094154}
BotModel(disabled=False, onTime=True, onChange=False, interval=BotInterval(unit='Min', value=1))
Contacted chat ids are: {717296678, 131353834, -1001863094154}
BotModel(disabled=False, onTime=True, onChange=False, interval=BotInterval(unit='Min', value=1))
Contacted chat ids are: {717296678, 131353834, -1001863094154}
BotModel(disabled=False, onTime=True, onChange=False, interval=BotInterval(unit='Min', value=1))
Contacted chat ids are: {717296678, 131353834, -1001863094154}
BotModel(disabled=False, onTime=True, onChange=False, interval=BotInterval(unit='Min', value=1))
Contacted chat ids are: {717296678, 131353834, -1001863094154}
BotModel(disabled=False, onTime=True, onChange=False, interval=BotInterval(unit='Min', value=1))
Contacted chat ids are: {717296678, 131353834, -1001863094154}
BotModel(disabled=False, onTime=True, onChange=False, interval=BotInterval(unit='Min', value=1))
Contacted chat ids are: {717296678, 131353834, -1001863094154}
BotModel(disabled=False, onTime=True, onChange=False, interval=BotInterval(unit='Min', value=1))
Contacted chat ids are: {717296678, 131353834, -1001863094154}
BotModel(disabled=False, onTime=True, onChange=False, interval=BotInterval(unit='Min', value=1))
Contacted chat ids are: {717296678, 131353834, -1001863094154}
BotModel(disabled=False, onTime=True, onChange=False, interval=BotInterval(unit='Min', value=1))
Contacted chat ids are: {717296678, 131353834, -1001863094154}
BotModel(disabled=False, onTime=True, onChange=False, interval=BotInterval(unit='Min', value=1))
Sending rate
prev
{'یورو ترکیه': 56090, 'لیر ترکیه': 2730, 'دلار ترکیه': 52100}
new
{'یورو ترکیه': 56085, 'لیر ترکیه': 2730, 'دلار ترکیه': 52100}
True
Saving bot_state
Contacted chat ids are: {131353834, -1001863094154, 717296678}
BotModel(disabled=False, onTime=True, onChange=False, interval=BotInterval(unit='Min', value=1))
Contacted chat ids are: {131353834, -1001863094154, 717296678}
BotModel(disabled=False, onTime=True, onChange=False, interval=BotInterval(unit='Min', value=1))
Contacted chat ids are: {131353834, -1001863094154, 717296678}
BotModel(disabled=False, onTime=True, onChange=False, interval=BotInterval(unit='Min', value=1))
Contacted chat ids are: {131353834, -1001863094154, 717296678}
BotModel(disabled=False, onTime=True, onChange=False, interval=BotInterval(unit='Min', value=1))
Contacted chat ids are: {131353834, -1001863094154, 717296678}
BotModel(disabled=False, onTime=True, onChange=False, interval=BotInterval(unit='Min', value=1))
Contacted chat ids are: {131353834, -1001863094154, 717296678}
BotModel(disabled=False, onTime=True, onChange=False, interval=BotInterval(unit='Min', value=1))
Contacted chat ids are: {131353834, -1001863094154, 717296678}
BotModel(disabled=False, onTime=True, onChange=False, interval=BotInterval(unit='Min', value=1))
Contacted chat ids are: {131353834, -1001863094154, 717296678}
BotModel(disabled=False, onTime=True, onChange=False, interval=BotInterval(unit='Min', value=1))
Contacted chat ids are: {131353834, -1001863094154, 717296678}
BotModel(disabled=False, onTime=True, onChange=False, interval=BotInterval(unit='Min', value=1))
Contacted chat ids are: {131353834, -1001863094154, 717296678}
BotModel(disabled=False, onTime=True, onChange=False, interval=BotInterval(unit='Min', value=1))
Contacted chat ids are: {131353834, -1001863094154, 717296678}
BotModel(disabled=False, onTime=True, onChange=False, interval=BotInterval(unit='Min', value=1))
Contacted chat ids are: {131353834, -1001863094154, 717296678}
BotModel(disabled=False, onTime=True, onChange=False, interval=BotInterval(unit='Min', value=1))
Sending rate
prev
{'یورو ترکیه': 56085, 'لیر ترکیه': 2730, 'دلار ترکیه': 52100}
new
{'یورو ترکیه': 56096, 'لیر ترکیه': 2730, 'دلار ترکیه': 52100}
True
Saving bot_state
Contacted chat ids are: {717296678, 131353834, -1001863094154}
BotModel(disabled=False, onTime=True, onChange=False, interval=BotInterval(unit='Min', value=1))
Contacted chat ids are: {717296678, 131353834, -1001863094154}
BotModel(disabled=False, onTime=True, onChange=False, interval=BotInterval(unit='Min', value=1))
Contacted chat ids are: {717296678, 131353834, -1001863094154}
BotModel(disabled=False, onTime=True, onChange=False, interval=BotInterval(unit='Min', value=1))
Contacted chat ids are: {717296678, 131353834, -1001863094154}
BotModel(disabled=False, onTime=True, onChange=False, interval=BotInterval(unit='Min', value=1))
Contacted chat ids are: {717296678, 131353834, -1001863094154}
BotModel(disabled=False, onTime=True, onChange=False, interval=BotInterval(unit='Min', value=1))
Contacted chat ids are: {717296678, 131353834, -1001863094154}
BotModel(disabled=False, onTime=True, onChange=False, interval=BotInterval(unit='Min', value=1))
Contacted chat ids are: {717296678, 131353834, -1001863094154}
BotModel(disabled=False, onTime=True, onChange=False, interval=BotInterval(unit='Min', value=1))
Contacted chat ids are: {717296678, 131353834, -1001863094154}
BotModel(disabled=False, onTime=True, onChange=False, interval=BotInterval(unit='Min', value=1))
Contacted chat ids are: {717296678, 131353834, -1001863094154}
BotModel(disabled=False, onTime=True, onChange=False, interval=BotInterval(unit='Min', value=1))
Contacted chat ids are: {717296678, 131353834, -1001863094154}
BotModel(disabled=False, onTime=True, onChange=False, interval=BotInterval(unit='Min', value=1))
Contacted chat ids are: {717296678, 131353834, -1001863094154}
BotModel(disabled=False, onTime=True, onChange=False, interval=BotInterval(unit='Min', value=1))
Contacted chat ids are: {717296678, 131353834, -1001863094154}
BotModel(disabled=False, onTime=True, onChange=False, interval=BotInterval(unit='Min', value=1))
Sending rate
prev
{'یورو ترکیه': 56096, 'لیر ترکیه': 2730, 'دلار ترکیه': 52100}
new
{'یورو ترکیه': 56096, 'لیر ترکیه': 2730, 'دلار ترکیه': 52100}
False
Saving bot_state
Contacted chat ids are: {131353834, -1001863094154, 717296678}
BotModel(disabled=False, onTime=True, onChange=False, interval=BotInterval(unit='Min', value=1))
Contacted chat ids are: {131353834, -1001863094154, 717296678}
BotModel(disabled=False, onTime=True, onChange=False, interval=BotInterval(unit='Min', value=1))
Contacted chat ids are: {131353834, -1001863094154, 717296678}
BotModel(disabled=False, onTime=True, onChange=False, interval=BotInterval(unit='Min', value=1))
Contacted chat ids are: {131353834, -1001863094154, 717296678}
BotModel(disabled=False, onTime=True, onChange=False, interval=BotInterval(unit='Min', value=1))
Contacted chat ids are: {131353834, -1001863094154, 717296678}
BotModel(disabled=False, onTime=True, onChange=False, interval=BotInterval(unit='Min', value=1))
Contacted chat ids are: {131353834, -1001863094154, 717296678}
BotModel(disabled=False, onTime=True, onChange=False, interval=BotInterval(unit='Min', value=1))
Contacted chat ids are: {131353834, -1001863094154, 717296678}
BotModel(disabled=False, onTime=True, onChange=False, interval=BotInterval(unit='Min', value=1))
